This is XeTeX, Version 3.14159265-2.6-0.99999 (TeX Live 2018/W32TeX) (preloaded format=xelatex 2018.6.19)  10 APR 2019 08:59
entering extended mode
 restricted \write18 enabled.
 %&-line parsing enabled.
**myRBook_SP.tex
(./myRBook_SP.tex
LaTeX2e <2018-04-01> patch level 5
(c:/Users/rebaudo/AppData/Roaming/TinyTeX/texmf-dist/tex/latex/base/book.cls
Document Class: book 2014/09/29 v1.4h Standard LaTeX document class
(c:/Users/rebaudo/AppData/Roaming/TinyTeX/texmf-dist/tex/latex/base/bk10.clo
File: bk10.clo 2014/09/29 v1.4h Standard LaTeX file (size option)
)
\c@part=\count80
\c@chapter=\count81
\c@section=\count82
\c@subsection=\count83
\c@subsubsection=\count84
\c@paragraph=\count85
\c@subparagraph=\count86
\c@figure=\count87
\c@table=\count88
\abovecaptionskip=\skip41
\belowcaptionskip=\skip42
\bibindent=\dimen102
) (c:/Users/rebaudo/AppData/Roaming/TinyTeX/texmf-dist/tex/latex/lm/lmodern.sty
Package: lmodern 2009/10/30 v1.6 Latin Modern Fonts
LaTeX Font Info:    Overwriting symbol font `operators' in version `normal'
(Font)                  OT1/cmr/m/n --> OT1/lmr/m/n on input line 22.
LaTeX Font Info:    Overwriting symbol font `letters' in version `normal'
(Font)                  OML/cmm/m/it --> OML/lmm/m/it on input line 23.
LaTeX Font Info:    Overwriting symbol font `symbols' in version `normal'
(Font)                  OMS/cmsy/m/n --> OMS/lmsy/m/n on input line 24.
LaTeX Font Info:    Overwriting symbol font `largesymbols' in version `normal'
(Font)                  OMX/cmex/m/n --> OMX/lmex/m/n on input line 25.
LaTeX Font Info:    Overwriting symbol font `operators' in version `bold'
(Font)                  OT1/cmr/bx/n --> OT1/lmr/bx/n on input line 26.
LaTeX Font Info:    Overwriting symbol font `letters' in version `bold'
(Font)                  OML/cmm/b/it --> OML/lmm/b/it on input line 27.
LaTeX Font Info:    Overwriting symbol font `symbols' in version `bold'
(Font)                  OMS/cmsy/b/n --> OMS/lmsy/b/n on input line 28.
LaTeX Font Info:    Overwriting symbol font `largesymbols' in version `bold'
(Font)                  OMX/cmex/m/n --> OMX/lmex/m/n on input line 29.
LaTeX Font Info:    Overwriting math alphabet `\mathbf' in version `normal'
(Font)                  OT1/cmr/bx/n --> OT1/lmr/bx/n on input line 31.
LaTeX Font Info:    Overwriting math alphabet `\mathsf' in version `normal'
(Font)                  OT1/cmss/m/n --> OT1/lmss/m/n on input line 32.
LaTeX Font Info:    Overwriting math alphabet `\mathit' in version `normal'
(Font)                  OT1/cmr/m/it --> OT1/lmr/m/it on input line 33.
LaTeX Font Info:    Overwriting math alphabet `\mathtt' in version `normal'
(Font)                  OT1/cmtt/m/n --> OT1/lmtt/m/n on input line 34.
LaTeX Font Info:    Overwriting math alphabet `\mathbf' in version `bold'
(Font)                  OT1/cmr/bx/n --> OT1/lmr/bx/n on input line 35.
LaTeX Font Info:    Overwriting math alphabet `\mathsf' in version `bold'
(Font)                  OT1/cmss/bx/n --> OT1/lmss/bx/n on input line 36.
LaTeX Font Info:    Overwriting math alphabet `\mathit' in version `bold'
(Font)                  OT1/cmr/bx/it --> OT1/lmr/bx/it on input line 37.
LaTeX Font Info:    Overwriting math alphabet `\mathtt' in version `bold'
(Font)                  OT1/cmtt/m/n --> OT1/lmtt/m/n on input line 38.
)
(c:/Users/rebaudo/AppData/Roaming/TinyTeX/texmf-dist/tex/latex/amsfonts/amssymb
.sty
Package: amssymb 2013/01/14 v3.01 AMS font symbols

(c:/Users/rebaudo/AppData/Roaming/TinyTeX/texmf-dist/tex/latex/amsfonts/amsfont
s.sty
Package: amsfonts 2013/01/14 v3.01 Basic AMSFonts support
\@emptytoks=\toks14
\symAMSa=\mathgroup4
\symAMSb=\mathgroup5
LaTeX Font Info:    Overwriting math alphabet `\mathfrak' in version `bold'
(Font)                  U/euf/m/n --> U/euf/b/n on input line 106.
))
(c:/Users/rebaudo/AppData/Roaming/TinyTeX/texmf-dist/tex/latex/amsmath/amsmath.
sty
Package: amsmath 2017/09/02 v2.17a AMS math features
\@mathmargin=\skip43
For additional information on amsmath, use the `?' option.

(c:/Users/rebaudo/AppData/Roaming/TinyTeX/texmf-dist/tex/latex/amsmath/amstext.
sty
Package: amstext 2000/06/29 v2.01 AMS text

(c:/Users/rebaudo/AppData/Roaming/TinyTeX/texmf-dist/tex/latex/amsmath/amsgen.s
ty
File: amsgen.sty 1999/11/30 v2.0 generic functions
\@emptytoks=\toks15
\ex@=\dimen103
))
(c:/Users/rebaudo/AppData/Roaming/TinyTeX/texmf-dist/tex/latex/amsmath/amsbsy.s
ty
Package: amsbsy 1999/11/29 v1.2d Bold Symbols
\pmbraise@=\dimen104
)
(c:/Users/rebaudo/AppData/Roaming/TinyTeX/texmf-dist/tex/latex/amsmath/amsopn.s
ty
Package: amsopn 2016/03/08 v2.02 operator names
)
\inf@bad=\count89
LaTeX Info: Redefining \frac on input line 213.
\uproot@=\count90
\leftroot@=\count91
LaTeX Info: Redefining \overline on input line 375.
\classnum@=\count92
\DOTSCASE@=\count93
LaTeX Info: Redefining \ldots on input line 472.
LaTeX Info: Redefining \dots on input line 475.
LaTeX Info: Redefining \cdots on input line 596.
\Mathstrutbox@=\box26
\strutbox@=\box27
\big@size=\dimen105
LaTeX Font Info:    Redeclaring font encoding OML on input line 712.
LaTeX Font Info:    Redeclaring font encoding OMS on input line 713.
\macc@depth=\count94
\c@MaxMatrixCols=\count95
\dotsspace@=\muskip10
\c@parentequation=\count96
\dspbrk@lvl=\count97
\tag@help=\toks16
\row@=\count98
\column@=\count99
\maxfields@=\count100
\andhelp@=\toks17
\eqnshift@=\dimen106
\alignsep@=\dimen107
\tagshift@=\dimen108
\tagwidth@=\dimen109
\totwidth@=\dimen110
\lineht@=\dimen111
\@envbody=\toks18
\multlinegap=\skip44
\multlinetaggap=\skip45
\mathdisplay@stack=\toks19
LaTeX Info: Redefining \[ on input line 2817.
LaTeX Info: Redefining \] on input line 2818.
)
(c:/Users/rebaudo/AppData/Roaming/TinyTeX/texmf-dist/tex/generic/ifxetex/ifxete
x.sty
Package: ifxetex 2010/09/12 v0.6 Provides ifxetex conditional
)
(c:/Users/rebaudo/AppData/Roaming/TinyTeX/texmf-dist/tex/generic/oberdiek/iflua
tex.sty
Package: ifluatex 2016/05/16 v1.4 Provides the ifluatex switch (HO)
Package ifluatex Info: LuaTeX not detected.
)
(c:/Users/rebaudo/AppData/Roaming/TinyTeX/texmf-dist/tex/latex/base/fixltx2e.st
y
Package: fixltx2e 2016/12/29 v2.1a fixes to LaTeX (obsolete)
Applying: [2015/01/01] Old fixltx2e package on input line 46.

Package fixltx2e Warning: fixltx2e is not required with releases after 2015
(fixltx2e)                All fixes are now in the LaTeX kernel.
(fixltx2e)                See the latexrelease package for details.

Already applied: [0000/00/00] Old fixltx2e package on input line 53.
)
(c:/Users/rebaudo/AppData/Roaming/TinyTeX/texmf-dist/tex/xelatex/mathspec/maths
pec.sty
Package: mathspec 2016/12/22 v0.2b LaTeX Package (Mathematics font selection fo
r XeLaTeX)

(c:/Users/rebaudo/AppData/Roaming/TinyTeX/texmf-dist/tex/latex/etoolbox/etoolbo
x.sty
Package: etoolbox 2018/02/11 v2.5e e-TeX tools for LaTeX (JAW)
\etb@tempcnta=\count101
)
(c:/Users/rebaudo/AppData/Roaming/TinyTeX/texmf-dist/tex/latex/fontspec/fontspe
c.sty
(c:/Users/rebaudo/AppData/Roaming/TinyTeX/texmf-dist/tex/latex/l3packages/xpars
e/xparse.sty
(c:/Users/rebaudo/AppData/Roaming/TinyTeX/texmf-dist/tex/latex/l3kernel/expl3.s
ty
Package: expl3 2018-06-14 L3 programming layer (loader) 

(c:/Users/rebaudo/AppData/Roaming/TinyTeX/texmf-dist/tex/latex/l3kernel/expl3-c
ode.tex
Package: expl3 2018-06-14 L3 programming layer (code)
\c_max_int=\count102
\l_tmpa_int=\count103
\l_tmpb_int=\count104
\g_tmpa_int=\count105
\g_tmpb_int=\count106
\g__kernel_prg_map_int=\count107
\c_log_iow=\count108
\l_iow_line_count_int=\count109
\l__iow_line_target_int=\count110
\l__iow_one_indent_int=\count111
\l__iow_indent_int=\count112
\c_zero_dim=\dimen112
\c_max_dim=\dimen113
\l_tmpa_dim=\dimen114
\l_tmpb_dim=\dimen115
\g_tmpa_dim=\dimen116
\g_tmpb_dim=\dimen117
\c_zero_skip=\skip46
\c_max_skip=\skip47
\l_tmpa_skip=\skip48
\l_tmpb_skip=\skip49
\g_tmpa_skip=\skip50
\g_tmpb_skip=\skip51
\c_zero_muskip=\muskip11
\c_max_muskip=\muskip12
\l_tmpa_muskip=\muskip13
\l_tmpb_muskip=\muskip14
\g_tmpa_muskip=\muskip15
\g_tmpb_muskip=\muskip16
\l_keys_choice_int=\count113
\l__intarray_loop_int=\count114
\c__intarray_sp_dim=\dimen118
\g__intarray_font_int=\count115
\c__fp_leading_shift_int=\count116
\c__fp_middle_shift_int=\count117
\c__fp_trailing_shift_int=\count118
\c__fp_big_leading_shift_int=\count119
\c__fp_big_middle_shift_int=\count120
\c__fp_big_trailing_shift_int=\count121
\c__fp_Bigg_leading_shift_int=\count122
\c__fp_Bigg_middle_shift_int=\count123
\c__fp_Bigg_trailing_shift_int=\count124
\g__fp_array_int=\count125
\l__fp_array_loop_int=\count126
\l__sort_length_int=\count127
\l__sort_min_int=\count128
\l__sort_top_int=\count129
\l__sort_max_int=\count130
\l__sort_true_max_int=\count131
\l__sort_block_int=\count132
\l__sort_begin_int=\count133
\l__sort_end_int=\count134
\l__sort_A_int=\count135
\l__sort_B_int=\count136
\l__sort_C_int=\count137
\l__tl_analysis_normal_int=\count138
\l__tl_analysis_index_int=\count139
\l__tl_analysis_nesting_int=\count140
\l__tl_analysis_type_int=\count141
\l__regex_internal_a_int=\count142
\l__regex_internal_b_int=\count143
\l__regex_internal_c_int=\count144
\l__regex_balance_int=\count145
\l__regex_group_level_int=\count146
\l__regex_mode_int=\count147
\c__regex_cs_in_class_mode_int=\count148
\c__regex_cs_mode_int=\count149
\l__regex_catcodes_int=\count150
\l__regex_default_catcodes_int=\count151
\c__regex_catcode_L_int=\count152
\c__regex_catcode_O_int=\count153
\c__regex_catcode_A_int=\count154
\c__regex_all_catcodes_int=\count155
\l__regex_show_lines_int=\count156
\l__regex_min_state_int=\count157
\l__regex_max_state_int=\count158
\l__regex_left_state_int=\count159
\l__regex_right_state_int=\count160
\l__regex_capturing_group_int=\count161
\l__regex_min_pos_int=\count162
\l__regex_max_pos_int=\count163
\l__regex_curr_pos_int=\count164
\l__regex_start_pos_int=\count165
\l__regex_success_pos_int=\count166
\l__regex_curr_char_int=\count167
\l__regex_curr_catcode_int=\count168
\l__regex_last_char_int=\count169
\l__regex_case_changed_char_int=\count170
\l__regex_curr_state_int=\count171
\l__regex_step_int=\count172
\l__regex_min_active_int=\count173
\l__regex_max_active_int=\count174
\l__regex_replacement_csnames_int=\count175
\l__regex_match_count_int=\count176
\l__regex_min_submatch_int=\count177
\l__regex_submatch_int=\count178
\l__regex_zeroth_submatch_int=\count179
\g__regex_trace_regex_int=\count180
\c_empty_box=\box28
\l_tmpa_box=\box29
\l_tmpb_box=\box30
\g_tmpa_box=\box31
\g_tmpb_box=\box32
\l__box_top_dim=\dimen119
\l__box_bottom_dim=\dimen120
\l__box_left_dim=\dimen121
\l__box_right_dim=\dimen122
\l__box_top_new_dim=\dimen123
\l__box_bottom_new_dim=\dimen124
\l__box_left_new_dim=\dimen125
\l__box_right_new_dim=\dimen126
\l__box_internal_box=\box33
\l__coffin_internal_box=\box34
\l__coffin_internal_dim=\dimen127
\l__coffin_offset_x_dim=\dimen128
\l__coffin_offset_y_dim=\dimen129
\l__coffin_x_dim=\dimen130
\l__coffin_y_dim=\dimen131
\l__coffin_x_prime_dim=\dimen132
\l__coffin_y_prime_dim=\dimen133
\c_empty_coffin=\box35
\l__coffin_aligned_coffin=\box36
\l__coffin_aligned_internal_coffin=\box37
\l_tmpa_coffin=\box38
\l_tmpb_coffin=\box39
\l__coffin_display_coffin=\box40
\l__coffin_display_coord_coffin=\box41
\l__coffin_display_pole_coffin=\box42
\l__coffin_display_offset_dim=\dimen134
\l__coffin_display_x_dim=\dimen135
\l__coffin_display_y_dim=\dimen136
\g__file_internal_ior=\read1
\l__coffin_bounding_shift_dim=\dimen137
\l__coffin_left_corner_dim=\dimen138
\l__coffin_right_corner_dim=\dimen139
\l__coffin_bottom_corner_dim=\dimen140
\l__coffin_top_corner_dim=\dimen141
\l__coffin_scaled_total_height_dim=\dimen142
\l__coffin_scaled_width_dim=\dimen143
)
(c:/Users/rebaudo/AppData/Roaming/TinyTeX/texmf-dist/tex/latex/l3kernel/l3xdvip
dfmx.def
File: l3xdvidpfmx.def 2018-06-14 v L3 Experimental driver: xdvipdfmx
\g__driver_image_int=\count181
))
Package: xparse 2018-05-12 L3 Experimental document command parser
\l__xparse_current_arg_int=\count182
\g__xparse_grabber_int=\count183
\l__xparse_m_args_int=\count184
\l__xparse_mandatory_args_int=\count185
\l__xparse_v_nesting_int=\count186
)
Package: fontspec 2017/11/09 v2.6g Font selection for XeLaTeX and LuaLaTeX

(c:/Users/rebaudo/AppData/Roaming/TinyTeX/texmf-dist/tex/latex/fontspec/fontspe
c-xetex.sty
Package: fontspec-xetex 2017/11/09 v2.6g Font selection for XeLaTeX and LuaLaTe
X
\l__fontspec_script_int=\count187
\l__fontspec_language_int=\count188
\l__fontspec_strnum_int=\count189
\l__fontspec_tmp_int=\count190
\l__fontspec_em_int=\count191
\l__fontspec_emdef_int=\count192
\l__fontspec_strong_int=\count193
\l__fontspec_strongdef_int=\count194
\l__fontspec_tmpa_dim=\dimen144
\l__fontspec_tmpb_dim=\dimen145
\l__fontspec_tmpc_dim=\dimen146

(c:/Users/rebaudo/AppData/Roaming/TinyTeX/texmf-dist/tex/latex/base/fontenc.sty
Package: fontenc 2017/04/05 v2.0i Standard LaTeX package
(c:/Users/rebaudo/AppData/Roaming/TinyTeX/texmf-dist/tex/latex/base/tuenc.def
File: tuenc.def 2017/04/05 v2.0i Standard LaTeX file
LaTeX Font Info:    Redeclaring font encoding TU on input line 82.
))
.................................................
. LaTeX info: "xparse/define-command"
. 
. Defining command \fontspec with sig. 'O{}mO{}' on line 542.
.................................................
.................................................
. LaTeX info: "xparse/define-command"
. 
. Defining command \setmainfont with sig. 'O{}mO{}' on line 546.
.................................................
.................................................
. LaTeX info: "xparse/define-command"
. 
. Defining command \setsansfont with sig. 'O{}mO{}' on line 550.
.................................................
.................................................
. LaTeX info: "xparse/define-command"
. 
. Defining command \setmonofont with sig. 'O{}mO{}' on line 554.
.................................................
.................................................
. LaTeX info: "xparse/define-command"
. 
. Defining command \setmathrm with sig. 'O{}mO{}' on line 558.
.................................................
.................................................
. LaTeX info: "xparse/define-command"
. 
. Defining command \setboldmathrm with sig. 'O{}mO{}' on line 562.
.................................................
.................................................
. LaTeX info: "xparse/define-command"
. 
. Defining command \setmathsf with sig. 'O{}mO{}' on line 566.
.................................................
.................................................
. LaTeX info: "xparse/define-command"
. 
. Defining command \setmathtt with sig. 'O{}mO{}' on line 570.
.................................................
.................................................
. LaTeX info: "xparse/define-command"
. 
. Defining command \setromanfont with sig. 'O{}mO{}' on line 574.
.................................................
.................................................
. LaTeX info: "xparse/define-command"
. 
. Defining command \newfontfamily with sig. 'mO{}mO{}' on line 578.
.................................................
.................................................
. LaTeX info: "xparse/define-command"
. 
. Defining command \newfontface with sig. 'mO{}mO{}' on line 582.
.................................................
.................................................
. LaTeX info: "xparse/define-command"
. 
. Defining command \defaultfontfeatures with sig. 't+om' on line 586.
.................................................
.................................................
. LaTeX info: "xparse/define-command"
. 
. Defining command \addfontfeatures with sig. 'm' on line 590.
.................................................
.................................................
. LaTeX info: "xparse/define-command"
. 
. Defining command \addfontfeature with sig. 'm' on line 594.
.................................................
.................................................
. LaTeX info: "xparse/define-command"
. 
. Defining command \newfontfeature with sig. 'mm' on line 598.
.................................................
.................................................
. LaTeX info: "xparse/define-command"
. 
. Defining command \newAATfeature with sig. 'mmmm' on line 602.
.................................................
.................................................
. LaTeX info: "xparse/define-command"
. 
. Defining command \newopentypefeature with sig. 'mmm' on line 606.
.................................................
.................................................
. LaTeX info: "xparse/define-command"
. 
. Defining command \newICUfeature with sig. 'mmm' on line 610.
.................................................
.................................................
. LaTeX info: "xparse/define-command"
. 
. Defining command \aliasfontfeature with sig. 'mm' on line 614.
.................................................
.................................................
. LaTeX info: "xparse/define-command"
. 
. Defining command \aliasfontfeatureoption with sig. 'mmm' on line 618.
.................................................
.................................................
. LaTeX info: "xparse/define-command"
. 
. Defining command \newfontscript with sig. 'mm' on line 622.
.................................................
.................................................
. LaTeX info: "xparse/define-command"
. 
. Defining command \newfontlanguage with sig. 'mm' on line 626.
.................................................
.................................................
. LaTeX info: "xparse/define-command"
. 
. Defining command \DeclareFontsExtensions with sig. 'm' on line 630.
.................................................
.................................................
. LaTeX info: "xparse/define-command"
. 
. Defining command \IfFontFeatureActiveTF with sig. 'mmm' on line 634.
.................................................
.................................................
. LaTeX info: "xparse/define-command"
. 
. Defining command \EncodingCommand with sig. 'mO{}m' on line 3632.
.................................................
.................................................
. LaTeX info: "xparse/define-command"
. 
. Defining command \EncodingAccent with sig. 'mm' on line 3638.
.................................................
.................................................
. LaTeX info: "xparse/define-command"
. 
. Defining command \EncodingSymbol with sig. 'mm' on line 3644.
.................................................
.................................................
. LaTeX info: "xparse/define-command"
. 
. Defining command \EncodingComposite with sig. 'mmm' on line 3650.
.................................................
.................................................
. LaTeX info: "xparse/define-command"
. 
. Defining command \EncodingCompositeCommand with sig. 'mmm' on line 3656.
.................................................
.................................................
. LaTeX info: "xparse/define-command"
. 
. Defining command \DeclareUnicodeEncoding with sig. 'mm' on line 3681.
.................................................
.................................................
. LaTeX info: "xparse/define-command"
. 
. Defining command \UndeclareSymbol with sig. 'm' on line 3687.
.................................................
.................................................
. LaTeX info: "xparse/define-command"
. 
. Defining command \UndeclareAccent with sig. 'm' on line 3693.
.................................................
.................................................
. LaTeX info: "xparse/define-command"
. 
. Defining command \UndeclareCommand with sig. 'm' on line 3699.
.................................................
.................................................
. LaTeX info: "xparse/define-command"
. 
. Defining command \UndeclareComposite with sig. 'mm' on line 3706.
.................................................

(c:/Users/rebaudo/AppData/Roaming/TinyTeX/texmf-dist/tex/latex/fontspec/fontspe
c.cfg)
LaTeX Info: Redefining \itshape on input line 3891.
LaTeX Info: Redefining \slshape on input line 3896.
LaTeX Info: Redefining \scshape on input line 3901.
LaTeX Info: Redefining \upshape on input line 3906.
LaTeX Info: Redefining \em on input line 3936.
LaTeX Info: Redefining \emph on input line 3961.
LaTeX Info: Redefining \- on input line 4015.
.................................................
. LaTeX info: "xparse/redefine-command"
. 
. Redefining command \oldstylenums with sig. 'm' on line 4110.
.................................................
.................................................
. LaTeX info: "xparse/define-command"
. 
. Defining command \liningnums with sig. 'm' on line 4114.
.................................................
))
(c:/Users/rebaudo/AppData/Roaming/TinyTeX/texmf-dist/tex/latex/xkeyval/xkeyval.
sty
Package: xkeyval 2014/12/03 v2.7a package option processing (HA)

(c:/Users/rebaudo/AppData/Roaming/TinyTeX/texmf-dist/tex/generic/xkeyval/xkeyva
l.tex
(c:/Users/rebaudo/AppData/Roaming/TinyTeX/texmf-dist/tex/generic/xkeyval/xkvuti
ls.tex
\XKV@toks=\toks20
\XKV@tempa@toks=\toks21

(c:/Users/rebaudo/AppData/Roaming/TinyTeX/texmf-dist/tex/generic/xkeyval/keyval
.tex))
\XKV@depth=\count195
File: xkeyval.tex 2014/12/03 v2.7a key=value parser (HA)
))
\c@eu@=\count196
\c@eu@i=\count197
\c@mkern=\count198
)
(c:/Users/rebaudo/AppData/Roaming/TinyTeX/texmf-dist/tex/latex/upquote/upquote.
sty
Package: upquote 2012/04/19 v1.3 upright-quote and grave-accent glyphs in verba
tim

(c:/Users/rebaudo/AppData/Roaming/TinyTeX/texmf-dist/tex/latex/base/textcomp.st
y
Package: textcomp 2017/04/05 v2.0i Standard LaTeX package
Package textcomp Info: Sub-encoding information:
(textcomp)               5 = only ISO-Adobe without \textcurrency
(textcomp)               4 = 5 + \texteuro
(textcomp)               3 = 4 + \textohm
(textcomp)               2 = 3 + \textestimated + \textcurrency
(textcomp)               1 = TS1 - \textcircled - \t
(textcomp)               0 = TS1 (full)
(textcomp)             Font families with sub-encoding setting implement
(textcomp)             only a restricted character set as indicated.
(textcomp)             Family '?' is the default used for unknown fonts.
(textcomp)             See the documentation for details.
Package textcomp Info: Setting ? sub-encoding to TS1/1 on input line 79.
(c:/Users/rebaudo/AppData/Roaming/TinyTeX/texmf-dist/tex/latex/base/ts1enc.def
File: ts1enc.def 2001/06/05 v3.0e (jk/car/fm) Standard LaTeX file
)
LaTeX Info: Redefining \oldstylenums on input line 334.
Package textcomp Info: Setting cmr sub-encoding to TS1/0 on input line 349.
Package textcomp Info: Setting cmss sub-encoding to TS1/0 on input line 350.
Package textcomp Info: Setting cmtt sub-encoding to TS1/0 on input line 351.
Package textcomp Info: Setting cmvtt sub-encoding to TS1/0 on input line 352.
Package textcomp Info: Setting cmbr sub-encoding to TS1/0 on input line 353.
Package textcomp Info: Setting cmtl sub-encoding to TS1/0 on input line 354.
Package textcomp Info: Setting ccr sub-encoding to TS1/0 on input line 355.
Package textcomp Info: Setting ptm sub-encoding to TS1/4 on input line 356.
Package textcomp Info: Setting pcr sub-encoding to TS1/4 on input line 357.
Package textcomp Info: Setting phv sub-encoding to TS1/4 on input line 358.
Package textcomp Info: Setting ppl sub-encoding to TS1/3 on input line 359.
Package textcomp Info: Setting pag sub-encoding to TS1/4 on input line 360.
Package textcomp Info: Setting pbk sub-encoding to TS1/4 on input line 361.
Package textcomp Info: Setting pnc sub-encoding to TS1/4 on input line 362.
Package textcomp Info: Setting pzc sub-encoding to TS1/4 on input line 363.
Package textcomp Info: Setting bch sub-encoding to TS1/4 on input line 364.
Package textcomp Info: Setting put sub-encoding to TS1/5 on input line 365.
Package textcomp Info: Setting uag sub-encoding to TS1/5 on input line 366.
Package textcomp Info: Setting ugq sub-encoding to TS1/5 on input line 367.
Package textcomp Info: Setting ul8 sub-encoding to TS1/4 on input line 368.
Package textcomp Info: Setting ul9 sub-encoding to TS1/4 on input line 369.
Package textcomp Info: Setting augie sub-encoding to TS1/5 on input line 370.
Package textcomp Info: Setting dayrom sub-encoding to TS1/3 on input line 371.
Package textcomp Info: Setting dayroms sub-encoding to TS1/3 on input line 372.

Package textcomp Info: Setting pxr sub-encoding to TS1/0 on input line 373.
Package textcomp Info: Setting pxss sub-encoding to TS1/0 on input line 374.
Package textcomp Info: Setting pxtt sub-encoding to TS1/0 on input line 375.
Package textcomp Info: Setting txr sub-encoding to TS1/0 on input line 376.
Package textcomp Info: Setting txss sub-encoding to TS1/0 on input line 377.
Package textcomp Info: Setting txtt sub-encoding to TS1/0 on input line 378.
Package textcomp Info: Setting lmr sub-encoding to TS1/0 on input line 379.
Package textcomp Info: Setting lmdh sub-encoding to TS1/0 on input line 380.
Package textcomp Info: Setting lmss sub-encoding to TS1/0 on input line 381.
Package textcomp Info: Setting lmssq sub-encoding to TS1/0 on input line 382.
Package textcomp Info: Setting lmvtt sub-encoding to TS1/0 on input line 383.
Package textcomp Info: Setting lmtt sub-encoding to TS1/0 on input line 384.
Package textcomp Info: Setting qhv sub-encoding to TS1/0 on input line 385.
Package textcomp Info: Setting qag sub-encoding to TS1/0 on input line 386.
Package textcomp Info: Setting qbk sub-encoding to TS1/0 on input line 387.
Package textcomp Info: Setting qcr sub-encoding to TS1/0 on input line 388.
Package textcomp Info: Setting qcs sub-encoding to TS1/0 on input line 389.
Package textcomp Info: Setting qpl sub-encoding to TS1/0 on input line 390.
Package textcomp Info: Setting qtm sub-encoding to TS1/0 on input line 391.
Package textcomp Info: Setting qzc sub-encoding to TS1/0 on input line 392.
Package textcomp Info: Setting qhvc sub-encoding to TS1/0 on input line 393.
Package textcomp Info: Setting futs sub-encoding to TS1/4 on input line 394.
Package textcomp Info: Setting futx sub-encoding to TS1/4 on input line 395.
Package textcomp Info: Setting futj sub-encoding to TS1/4 on input line 396.
Package textcomp Info: Setting hlh sub-encoding to TS1/3 on input line 397.
Package textcomp Info: Setting hls sub-encoding to TS1/3 on input line 398.
Package textcomp Info: Setting hlst sub-encoding to TS1/3 on input line 399.
Package textcomp Info: Setting hlct sub-encoding to TS1/5 on input line 400.
Package textcomp Info: Setting hlx sub-encoding to TS1/5 on input line 401.
Package textcomp Info: Setting hlce sub-encoding to TS1/5 on input line 402.
Package textcomp Info: Setting hlcn sub-encoding to TS1/5 on input line 403.
Package textcomp Info: Setting hlcw sub-encoding to TS1/5 on input line 404.
Package textcomp Info: Setting hlcf sub-encoding to TS1/5 on input line 405.
Package textcomp Info: Setting pplx sub-encoding to TS1/3 on input line 406.
Package textcomp Info: Setting pplj sub-encoding to TS1/3 on input line 407.
Package textcomp Info: Setting ptmx sub-encoding to TS1/4 on input line 408.
Package textcomp Info: Setting ptmj sub-encoding to TS1/4 on input line 409.
))
(c:/Users/rebaudo/AppData/Roaming/TinyTeX/texmf-dist/tex/latex/geometry/geometr
y.sty
Package: geometry 2018/04/16 v5.8 Page Geometry

(c:/Users/rebaudo/AppData/Roaming/TinyTeX/texmf-dist/tex/generic/oberdiek/ifpdf
.sty
Package: ifpdf 2017/03/15 v3.2 Provides the ifpdf switch
)
(c:/Users/rebaudo/AppData/Roaming/TinyTeX/texmf-dist/tex/generic/oberdiek/ifvte
x.sty
Package: ifvtex 2016/05/16 v1.6 Detect VTeX and its facilities (HO)
Package ifvtex Info: VTeX not detected.
)
\Gm@cnth=\count199
\Gm@cntv=\count266
\c@Gm@tempcnt=\count267
\Gm@bindingoffset=\dimen147
\Gm@wd@mp=\dimen148
\Gm@odd@mp=\dimen149
\Gm@even@mp=\dimen150
\Gm@layoutwidth=\dimen151
\Gm@layoutheight=\dimen152
\Gm@layouthoffset=\dimen153
\Gm@layoutvoffset=\dimen154
\Gm@dimlist=\toks22
)
(c:/Users/rebaudo/AppData/Roaming/TinyTeX/texmf-dist/tex/latex/hyperref/hyperre
f.sty
Package: hyperref 2018/02/06 v6.86b Hypertext links for LaTeX

(c:/Users/rebaudo/AppData/Roaming/TinyTeX/texmf-dist/tex/generic/oberdiek/hobsu
b-hyperref.sty
Package: hobsub-hyperref 2016/05/16 v1.14 Bundle oberdiek, subset hyperref (HO)


(c:/Users/rebaudo/AppData/Roaming/TinyTeX/texmf-dist/tex/generic/oberdiek/hobsu
b-generic.sty
Package: hobsub-generic 2016/05/16 v1.14 Bundle oberdiek, subset generic (HO)
Package: hobsub 2016/05/16 v1.14 Construct package bundles (HO)
Package: infwarerr 2016/05/16 v1.4 Providing info/warning/error messages (HO)
Package: ltxcmds 2016/05/16 v1.23 LaTeX kernel commands for general use (HO)
Package hobsub Info: Skipping package `ifluatex' (already loaded).
Package hobsub Info: Skipping package `ifvtex' (already loaded).
Package: intcalc 2016/05/16 v1.2 Expandable calculations with integers (HO)
Package hobsub Info: Skipping package `ifpdf' (already loaded).
Package: etexcmds 2016/05/16 v1.6 Avoid name clashes with e-TeX commands (HO)
Package etexcmds Info: Could not find \expanded.
(etexcmds)             That can mean that you are not using pdfTeX 1.50 or
(etexcmds)             that some package has redefined \expanded.
(etexcmds)             In the latter case, load this package earlier.
Package: kvsetkeys 2016/05/16 v1.17 Key value parser (HO)
Package: kvdefinekeys 2016/05/16 v1.4 Define keys (HO)
Package: pdftexcmds 2018/01/30 v0.27 Utility functions of pdfTeX for LuaTeX (HO
)
Package pdftexcmds Info: LuaTeX not detected.
Package pdftexcmds Info: pdfTeX >= 1.30 not detected.
Package pdftexcmds Info: \pdf@primitive is available.
Package pdftexcmds Info: \pdf@ifprimitive is available.
Package pdftexcmds Info: \pdfdraftmode not found.
Package: pdfescape 2016/05/16 v1.14 Implements pdfTeX's escape features (HO)
Package: bigintcalc 2016/05/16 v1.4 Expandable calculations on big integers (HO
)
Package: bitset 2016/05/16 v1.2 Handle bit-vector datatype (HO)
Package: uniquecounter 2016/05/16 v1.3 Provide unlimited unique counter (HO)
)
Package hobsub Info: Skipping package `hobsub' (already loaded).
Package: letltxmacro 2016/05/16 v1.5 Let assignment for LaTeX macros (HO)
Package: hopatch 2016/05/16 v1.3 Wrapper for package hooks (HO)
Package: xcolor-patch 2016/05/16 xcolor patch
Package: atveryend 2016/05/16 v1.9 Hooks at the very end of document (HO)
Package: atbegshi 2016/06/09 v1.18 At begin shipout hook (HO)
Package: refcount 2016/05/16 v3.5 Data extraction from label references (HO)
Package: hycolor 2016/05/16 v1.8 Color options for hyperref/bookmark (HO)
)
(c:/Users/rebaudo/AppData/Roaming/TinyTeX/texmf-dist/tex/latex/oberdiek/auxhook
.sty
Package: auxhook 2016/05/16 v1.4 Hooks for auxiliary files (HO)
)
(c:/Users/rebaudo/AppData/Roaming/TinyTeX/texmf-dist/tex/latex/oberdiek/kvoptio
ns.sty
Package: kvoptions 2016/05/16 v3.12 Key value format for package options (HO)
)
\@linkdim=\dimen155
\Hy@linkcounter=\count268
\Hy@pagecounter=\count269

(c:/Users/rebaudo/AppData/Roaming/TinyTeX/texmf-dist/tex/latex/hyperref/pd1enc.
def
File: pd1enc.def 2018/02/06 v6.86b Hyperref: PDFDocEncoding definition (HO)
)
\Hy@SavedSpaceFactor=\count270

(c:/Users/rebaudo/AppData/Roaming/TinyTeX/texmf-dist/tex/latex/latexconfig/hype
rref.cfg
File: hyperref.cfg 2002/06/06 v1.2 hyperref configuration of TeXLive
)
Package hyperref Info: Hyper figures OFF on input line 4509.
Package hyperref Info: Link nesting OFF on input line 4514.
Package hyperref Info: Hyper index ON on input line 4517.
Package hyperref Info: Plain pages OFF on input line 4524.
Package hyperref Info: Backreferencing OFF on input line 4529.
Package hyperref Info: Implicit mode ON; LaTeX internals redefined.
Package hyperref Info: Bookmarks ON on input line 4762.
\c@Hy@tempcnt=\count271
(c:/Users/rebaudo/AppData/Roaming/TinyTeX/texmf-dist/tex/latex/url/url.sty
\Urlmuskip=\muskip17
Package: url 2013/09/16  ver 3.4  Verb mode for urls, etc.
)
LaTeX Info: Redefining \url on input line 5115.
\XeTeXLinkMargin=\dimen156
\Fld@menulength=\count272
\Field@Width=\dimen157
\Fld@charsize=\dimen158
Package hyperref Info: Hyper figures OFF on input line 6369.
Package hyperref Info: Link nesting OFF on input line 6374.
Package hyperref Info: Hyper index ON on input line 6377.
Package hyperref Info: backreferencing OFF on input line 6384.
Package hyperref Info: Link coloring OFF on input line 6389.
Package hyperref Info: Link coloring with OCG OFF on input line 6394.
Package hyperref Info: PDF/A mode OFF on input line 6399.
LaTeX Info: Redefining \ref on input line 6439.
LaTeX Info: Redefining \pageref on input line 6443.
\Hy@abspage=\count273
\c@Item=\count274
\c@Hfootnote=\count275
)
Package hyperref Info: Driver (autodetected): hxetex.

(c:/Users/rebaudo/AppData/Roaming/TinyTeX/texmf-dist/tex/latex/hyperref/hxetex.
def
File: hxetex.def 2018/02/06 v6.86b Hyperref driver for XeTeX

(c:/Users/rebaudo/AppData/Roaming/TinyTeX/texmf-dist/tex/latex/hyperref/puenc.d
ef
File: puenc.def 2018/02/06 v6.86b Hyperref: PDF Unicode definition (HO)
)
(c:/Users/rebaudo/AppData/Roaming/TinyTeX/texmf-dist/tex/generic/oberdiek/strin
genc.sty
Package: stringenc 2016/05/16 v1.11 Convert strings between diff. encodings (HO
)
)
\pdfm@box=\box43
\c@Hy@AnnotLevel=\count276
\HyField@AnnotCount=\count277
\Fld@listcount=\count278
\c@bookmark@seq@number=\count279

(c:/Users/rebaudo/AppData/Roaming/TinyTeX/texmf-dist/tex/latex/oberdiek/rerunfi
lecheck.sty
Package: rerunfilecheck 2016/05/16 v1.8 Rerun checks for auxiliary files (HO)
Package uniquecounter Info: New unique counter `rerunfilecheck' on input line 2
82.
)
\Hy@SectionHShift=\skip52
)
Package hyperref Info: Option `unicode' set `true' on input line 30.

(c:/Users/rebaudo/AppData/Roaming/TinyTeX/texmf-dist/tex/generic/oberdiek/se-as
cii-print.def
File: se-ascii-print.def 2016/05/16 v1.11 stringenc: Printable ASCII characters

)
Package hyperref Info: Option `breaklinks' set `true' on input line 30.

(c:/Users/rebaudo/AppData/Roaming/TinyTeX/texmf-dist/tex/latex/natbib/natbib.st
y
Package: natbib 2010/09/13 8.31b (PWD, AO)
\bibhang=\skip53
\bibsep=\skip54
LaTeX Info: Redefining \cite on input line 694.
\c@NAT@ctr=\count280
)
(c:/Users/rebaudo/AppData/Roaming/TinyTeX/texmf-dist/tex/latex/graphics/color.s
ty
Package: color 2016/07/10 v1.1e Standard LaTeX Color (DPC)

(c:/Users/rebaudo/AppData/Roaming/TinyTeX/texmf-dist/tex/latex/graphics-cfg/col
or.cfg
File: color.cfg 2016/01/02 v1.6 sample color configuration
)
Package color Info: Driver file: xetex.def on input line 147.

(c:/Users/rebaudo/AppData/Roaming/TinyTeX/texmf-dist/tex/latex/graphics-def/xet
ex.def
File: xetex.def 2017/06/24 v5.0h Graphics/color driver for xetex
))
(c:/Users/rebaudo/AppData/Roaming/TinyTeX/texmf-dist/tex/latex/fancyvrb/fancyvr
b.sty
Package: fancyvrb 2008/02/07

Style option: `fancyvrb' v2.7a, with DG/SPQR fixes, and firstline=lastline fix 
<2008/02/07> (tvz)
\FV@CodeLineNo=\count281
\FV@InFile=\read2
\FV@TabBox=\box44
\c@FancyVerbLine=\count282
\FV@StepNumber=\count283
\FV@OutFile=\write3
)
(c:/Users/rebaudo/AppData/Roaming/TinyTeX/texmf-dist/tex/latex/framed/framed.st
y
Package: framed 2011/10/22 v 0.96: framed or shaded text with page breaks
\OuterFrameSep=\skip55
\fb@frw=\dimen159
\fb@frh=\dimen160
\FrameRule=\dimen161
\FrameSep=\dimen162
)
(c:/Users/rebaudo/AppData/Roaming/TinyTeX/texmf-dist/tex/latex/tools/longtable.
sty
Package: longtable 2014/10/28 v4.11 Multi-page Table package (DPC)
\LTleft=\skip56
\LTright=\skip57
\LTpre=\skip58
\LTpost=\skip59
\LTchunksize=\count284
\LTcapwidth=\dimen163
\LT@head=\box45
\LT@firsthead=\box46
\LT@foot=\box47
\LT@lastfoot=\box48
\LT@cols=\count285
\LT@rows=\count286
\c@LT@tables=\count287
\c@LT@chunks=\count288
\LT@p@ftn=\toks23
)
(c:/Users/rebaudo/AppData/Roaming/TinyTeX/texmf-dist/tex/latex/booktabs/booktab
s.sty
Package: booktabs 2016/04/27 v1.618033 publication quality tables
\heavyrulewidth=\dimen164
\lightrulewidth=\dimen165
\cmidrulewidth=\dimen166
\belowrulesep=\dimen167
\belowbottomsep=\dimen168
\aboverulesep=\dimen169
\abovetopsep=\dimen170
\cmidrulesep=\dimen171
\cmidrulekern=\dimen172
\defaultaddspace=\dimen173
\@cmidla=\count289
\@cmidlb=\count290
\@aboverulesep=\dimen174
\@belowrulesep=\dimen175
\@thisruleclass=\count291
\@lastruleclass=\count292
\@thisrulewidth=\dimen176
)
(c:/Users/rebaudo/AppData/Roaming/TinyTeX/texmf-dist/tex/latex/graphics/graphic
x.sty
Package: graphicx 2017/06/01 v1.1a Enhanced LaTeX Graphics (DPC,SPQR)

(c:/Users/rebaudo/AppData/Roaming/TinyTeX/texmf-dist/tex/latex/graphics/graphic
s.sty
Package: graphics 2017/06/25 v1.2c Standard LaTeX Graphics (DPC,SPQR)

(c:/Users/rebaudo/AppData/Roaming/TinyTeX/texmf-dist/tex/latex/graphics/trig.st
y
Package: trig 2016/01/03 v1.10 sin cos tan (DPC)
)
(c:/Users/rebaudo/AppData/Roaming/TinyTeX/texmf-dist/tex/latex/graphics-cfg/gra
phics.cfg
File: graphics.cfg 2016/06/04 v1.11 sample graphics configuration
)
Package graphics Info: Driver file: xetex.def on input line 99.
)
\Gin@req@height=\dimen177
\Gin@req@width=\dimen178
)
(c:/Users/rebaudo/AppData/Roaming/TinyTeX/texmf-dist/tex/latex/oberdiek/grffile
.sty
Package: grffile 2017/06/30 v1.18 Extended file name support for graphics (HO)
Package grffile Info: Option `multidot' is set to `true'.
Package grffile Info: Option `extendedchars' is set to `false'.
Package grffile Info: Option `space' is set to `true'.
Package grffile Info: \Gin@ii of package `graphicx' fixed on input line 494.
)
(c:/Users/rebaudo/AppData/Roaming/TinyTeX/texmf-dist/tex/latex/titling/titling.
sty
Package: titling 2009/09/04 v2.1d maketitle typesetting
\thanksmarkwidth=\skip60
\thanksmargin=\skip61
\droptitle=\skip62
)
(c:/Users/rebaudo/AppData/Roaming/TinyTeX/texmf-dist/tex/latex/caption/caption.
sty
Package: caption 2018/05/01 v3.3-147 Customizing captions (AR)

(c:/Users/rebaudo/AppData/Roaming/TinyTeX/texmf-dist/tex/latex/caption/caption3
.sty
Package: caption3 2018/05/27 v1.8a caption3 kernel (AR)
Package caption3 Info: TeX engine: e-TeX on input line 64.
\captionmargin=\dimen179
\captionmargin@=\dimen180
\captionwidth=\dimen181
\caption@tempdima=\dimen182
\caption@indent=\dimen183
\caption@parindent=\dimen184
\caption@hangindent=\dimen185
)
\c@ContinuedFloat=\count293
Package caption Info: hyperref package is loaded.
Package caption Info: longtable package is loaded.

(c:/Users/rebaudo/AppData/Roaming/TinyTeX/texmf-dist/tex/latex/caption/ltcaptio
n.sty
Package: ltcaption 2013/06/09 v1.4-94 longtable captions (AR)
))
.................................................
. fontspec info: "set-scale"
. 
. Arial scale = 0.8311558380414313.
.................................................
\g__fontspec_family_Arial_int=\count294
.................................................
. fontspec info: "set-scale"
. 
. Arial scale = 0.8311558380414313.
.................................................
.................................................
. fontspec info: "set-scale"
. 
. Arial scale = 0.8311558380414313.
.................................................
.................................................
. fontspec info: "set-scale"
. 
. Arial/B scale = 0.8311558380414313.
.................................................
.................................................
. fontspec info: "set-scale"
. 
. Arial/B scale = 0.8311558380414313.
.................................................
.................................................
. fontspec info: "set-scale"
. 
. Arial/I scale = 0.8311558380414313.
.................................................
.................................................
. fontspec info: "set-scale"
. 
. Arial/I scale = 0.8311558380414313.
.................................................
.................................................
. fontspec info: "set-scale"
. 
. Arial/BI scale = 0.8311558380414313.
.................................................
.................................................
. fontspec info: "set-scale"
. 
. Arial/BI scale = 0.8311558380414313.
.................................................
.................................................
. fontspec info: "defining-font"
. 
. Font family 'Arial(0)' created for font 'Arial' with options
. [Ligatures=TeX,Scale=MatchLowercase,Ligatures=TeX,UprightFeatures={SmallCapsF
ont=Arial}].
.  
.  This font family consists of the following NFSS series/shapes:
.  
. - 'normal' (m/n) with NFSS spec.:
. <->s*[0.8311558380414313]"Arial/OT:script=latn;language=DFLT;mapping=tex-text
;"
. - 'small caps'  (m/sc) with NFSS spec.:
. <->s*[0.8311558380414313]"Arial/OT:script=latn;language=DFLT;mapping=tex-text
;"
. - 'bold' (bx/n) with NFSS spec.:
. <->s*[0.8311558380414313]"Arial/B/OT:script=latn;language=DFLT;mapping=tex-te
xt;"
. - 'bold small caps'  (bx/sc) with NFSS spec.:
. <->s*[0.8311558380414313]"Arial/B/OT:script=latn;language=DFLT;+smcp;mapping=
tex-text;"
. - 'italic' (m/it) with NFSS spec.:
. <->s*[0.8311558380414313]"Arial/I/OT:script=latn;language=DFLT;mapping=tex-te
xt;"
. - 'italic small caps'  (m/itsc) with NFSS spec.:
. <->s*[0.8311558380414313]"Arial/I/OT:script=latn;language=DFLT;+smcp;mapping=
tex-text;"
. - 'bold italic' (bx/it) with NFSS spec.:
. <->s*[0.8311558380414313]"Arial/BI/OT:script=latn;language=DFLT;mapping=tex-t
ext;"
. - 'bold italic small caps'  (bx/itsc) with NFSS spec.:
. <->s*[0.8311558380414313]"Arial/BI/OT:script=latn;language=DFLT;+smcp;mapping
=tex-text;"
.................................................
LaTeX Info: Redefining \rmfamily on input line 135.
LaTeX Font Info:    Font shape `TU/Arial(0)/m/n' will be
(Font)              scaled to size 8.31161pt on input line 135.
Package color Info: Redefining color shadecolor on input line 137.

(c:/Users/rebaudo/AppData/Roaming/TinyTeX/texmf-dist/tex/latex/base/makeidx.sty
Package: makeidx 2014/09/29 v1.0m Standard LaTeX package
)
\@indexfile=\write4
\openout4 = `myRBook_SP.idx'.

Writing index file myRBook_SP.idx

(c:/Users/rebaudo/AppData/Roaming/TinyTeX/texmf-dist/tex/latex/amscls/amsthm.st
y
Package: amsthm 2017/10/31 v2.20.4
\thm@style=\toks24
\thm@bodyfont=\toks25
\thm@headfont=\toks26
\thm@notefont=\toks27
\thm@headpunct=\toks28
\thm@preskip=\skip63
\thm@postskip=\skip64
\thm@headsep=\skip65
\dth@everypar=\toks29
) (./myRBook_SP.aux

LaTeX Warning: Label `fig:screenCapConsole' multiply defined.


LaTeX Warning: Label `tab:tabOpAri' multiply defined.


LaTeX Warning: Label `fig:screenCapConsoleCal' multiply defined.


LaTeX Warning: Label `tab:tabOpCom' multiply defined.


LaTeX Warning: Label `tab:tabOpLog' multiply defined.


LaTeX Warning: Label `fig:logoRStudio' multiply defined.


LaTeX Warning: Label `fig:screenCapRStudio01' multiply defined.


LaTeX Warning: Label `fig:screenCapRStudio02' multiply defined.


LaTeX Warning: Label `fig:screenCapRStudio03' multiply defined.


LaTeX Warning: Label `fig:logoNotepad' multiply defined.


LaTeX Warning: Label `fig:screenCapNpp01' multiply defined.


LaTeX Warning: Label `fig:screenCapNpp02' multiply defined.


LaTeX Warning: Label `fig:screenCapNpp03' multiply defined.


LaTeX Warning: Label `fig:screenCapNpp04' multiply defined.


LaTeX Warning: Label `fig:logoGeany' multiply defined.


LaTeX Warning: Label `fig:screenCapGeany01' multiply defined.


LaTeX Warning: Label `fig:screenCapGeany02' multiply defined.


LaTeX Warning: Label `fig:screenCapGeany03' multiply defined.

)
\openout1 = `myRBook_SP.aux'.

LaTeX Font Info:    Checking defaults for OML/cmm/m/it on input line 237.
LaTeX Font Info:    ... okay on input line 237.
LaTeX Font Info:    Checking defaults for T1/cmr/m/n on input line 237.
LaTeX Font Info:    ... okay on input line 237.
LaTeX Font Info:    Checking defaults for OT1/cmr/m/n on input line 237.
LaTeX Font Info:    ... okay on input line 237.
LaTeX Font Info:    Checking defaults for OMS/cmsy/m/n on input line 237.
LaTeX Font Info:    ... okay on input line 237.
LaTeX Font Info:    Checking defaults for TU/lmr/m/n on input line 237.
LaTeX Font Info:    ... okay on input line 237.
LaTeX Font Info:    Checking defaults for OMX/cmex/m/n on input line 237.
LaTeX Font Info:    ... okay on input line 237.
LaTeX Font Info:    Checking defaults for U/cmr/m/n on input line 237.
LaTeX Font Info:    ... okay on input line 237.
LaTeX Font Info:    Checking defaults for TS1/cmr/m/n on input line 237.
LaTeX Font Info:    Try loading font information for TS1+cmr on input line 237.

(c:/Users/rebaudo/AppData/Roaming/TinyTeX/texmf-dist/tex/latex/base/ts1cmr.fd
File: ts1cmr.fd 2014/09/29 v2.5h Standard LaTeX font definitions
)
LaTeX Font Info:    ... okay on input line 237.
LaTeX Font Info:    Checking defaults for PD1/pdf/m/n on input line 237.
LaTeX Font Info:    ... okay on input line 237.
LaTeX Font Info:    Checking defaults for PU/pdf/m/n on input line 237.
LaTeX Font Info:    ... okay on input line 237.
*geometry* driver: auto-detecting
*geometry* detected driver: xetex
*geometry* verbose mode - [ preamble ] result:
* driver: xetex
* paper: <default>
* layout: <same size as paper>
* layoutoffset:(h,v)=(0.0pt,0.0pt)
* modes: twoside 
* h-part:(L,W,R)=(72.26999pt, 469.75502pt, 72.26999pt)
* v-part:(T,H,B)=(72.26999pt, 650.43001pt, 72.26999pt)
* \paperwidth=614.295pt
* \paperheight=794.96999pt
* \textwidth=469.75502pt
* \textheight=650.43001pt
* \oddsidemargin=0.0pt
* \evensidemargin=0.0pt
* \topmargin=-30.06749pt
* \headheight=12.0pt
* \headsep=18.06749pt
* \topskip=10.0pt
* \footskip=25.29494pt
* \marginparwidth=125.0pt
* \marginparsep=7.0pt
* \columnsep=10.0pt
* \skip\footins=9.0pt plus 4.0pt minus 2.0pt
* \hoffset=0.0pt
* \voffset=0.0pt
* \mag=1000
* \@twocolumnfalse
* \@twosidetrue
* \@mparswitchtrue
* \@reversemarginfalse
* (1in=72.27pt=25.4mm, 1cm=28.453pt)

\AtBeginShipoutBox=\box49
Package hyperref Info: Link coloring OFF on input line 237.

(c:/Users/rebaudo/AppData/Roaming/TinyTeX/texmf-dist/tex/latex/hyperref/nameref
.sty
Package: nameref 2016/05/21 v2.44 Cross-referencing by name of section

(c:/Users/rebaudo/AppData/Roaming/TinyTeX/texmf-dist/tex/generic/oberdiek/getti
tlestring.sty
Package: gettitlestring 2016/05/16 v1.5 Cleanup title references (HO)
)
\c@section@level=\count295
)
LaTeX Info: Redefining \ref on input line 237.
LaTeX Info: Redefining \pageref on input line 237.
LaTeX Info: Redefining \nameref on input line 237.
(./myRBook_SP.out) (./myRBook_SP.out)
\@outlinefile=\write5
\openout5 = `myRBook_SP.out'.

Package caption Info: Begin \AtBeginDocument code.
Package caption Info: End \AtBeginDocument code.
LaTeX Font Info:    Font shape `TU/Arial(0)/m/n' will be
(Font)              scaled to size 17.23828pt on input line 238.
LaTeX Font Info:    Font shape `TU/Arial(0)/m/n' will be
(Font)              scaled to size 9.97394pt on input line 238.
LaTeX Font Info:    Font shape `TU/Arial(0)/m/it' will be
(Font)              scaled to size 9.97394pt on input line 238.
[1



]
LaTeX Font Info:    Font shape `TU/Arial(0)/m/sl' in size <10> not available
(Font)              Font shape `TU/Arial(0)/m/it' tried instead on input line 2
42.
LaTeX Font Info:    Font shape `TU/Arial(0)/m/it' will be
(Font)              scaled to size 8.31161pt on input line 242.
[2

]
LaTeX Font Info:    Font shape `TU/Arial(0)/m/n' will be
(Font)              scaled to size 20.67929pt on input line 242.
LaTeX Font Info:    Font shape `TU/Arial(0)/bx/n' will be
(Font)              scaled to size 20.67929pt on input line 242.
(./myRBook_SP.toc
LaTeX Font Info:    Font shape `TU/Arial(0)/bx/n' will be
(Font)              scaled to size 8.31161pt on input line 1.
LaTeX Font Info:    Try loading font information for OT1+lmr on input line 2.
(c:/Users/rebaudo/AppData/Roaming/TinyTeX/texmf-dist/tex/latex/lm/ot1lmr.fd
File: ot1lmr.fd 2009/10/30 v1.6 Font defs for Latin Modern
)
LaTeX Font Info:    Try loading font information for OML+lmm on input line 2.
(c:/Users/rebaudo/AppData/Roaming/TinyTeX/texmf-dist/tex/latex/lm/omllmm.fd
File: omllmm.fd 2009/10/30 v1.6 Font defs for Latin Modern
)
LaTeX Font Info:    Try loading font information for OMS+lmsy on input line 2.
(c:/Users/rebaudo/AppData/Roaming/TinyTeX/texmf-dist/tex/latex/lm/omslmsy.fd
File: omslmsy.fd 2009/10/30 v1.6 Font defs for Latin Modern
)
LaTeX Font Info:    Try loading font information for OMX+lmex on input line 2.
(c:/Users/rebaudo/AppData/Roaming/TinyTeX/texmf-dist/tex/latex/lm/omxlmex.fd
File: omxlmex.fd 2009/10/30 v1.6 Font defs for Latin Modern
)
LaTeX Font Info:    External font `lmex10' loaded for size
(Font)              <10> on input line 2.
LaTeX Font Info:    External font `lmex10' loaded for size
(Font)              <7> on input line 2.
LaTeX Font Info:    External font `lmex10' loaded for size
(Font)              <5> on input line 2.
LaTeX Font Info:    Try loading font information for U+msa on input line 2.

(c:/Users/rebaudo/AppData/Roaming/TinyTeX/texmf-dist/tex/latex/amsfonts/umsa.fd
File: umsa.fd 2013/01/14 v3.01 AMS symbols A
)
LaTeX Font Info:    Try loading font information for U+msb on input line 2.

(c:/Users/rebaudo/AppData/Roaming/TinyTeX/texmf-dist/tex/latex/amsfonts/umsb.fd
File: umsb.fd 2013/01/14 v3.01 AMS symbols B
)
LaTeX Font Info:    Font shape `TU/Arial(0)/bx/n' will be
(Font)              scaled to size 9.97394pt on input line 9.
[3]
Overfull \hbox (0.98454pt too wide) detected at line 102
 []\TU/Arial(0)/m/n/10 108
 []


Overfull \hbox (0.36768pt too wide) detected at line 112
 []\TU/Arial(0)/m/n/10 113
 []


Overfull \hbox (0.36768pt too wide) detected at line 117
 []\TU/Arial(0)/m/n/10 115
 []


Overfull \hbox (0.98454pt too wide) detected at line 118
 []\TU/Arial(0)/m/n/10 120
 []


Overfull \hbox (0.98454pt too wide) detected at line 122
 []\TU/Arial(0)/m/n/10 122
 []


Overfull \hbox (0.98454pt too wide) detected at line 124
 []\TU/Arial(0)/m/n/10 123
 []


Overfull \hbox (0.98454pt too wide) detected at line 128
 []\TU/Arial(0)/m/n/10 127
 []


Overfull \hbox (0.98454pt too wide) detected at line 129
 []\TU/Arial(0)/m/n/10 128
 []


Overfull \hbox (0.98454pt too wide) detected at line 130
 []\TU/Arial(0)/m/n/10 129
 []


Overfull \hbox (0.98454pt too wide) detected at line 132
 []\TU/Arial(0)/m/n/10 131
 []


Overfull \hbox (0.98454pt too wide) detected at line 133
 []\TU/Arial(0)/m/n/10 134
 []


Overfull \hbox (0.98454pt too wide) detected at line 134
 []\TU/Arial(0)/m/n/10 135
 []


Overfull \hbox (0.98454pt too wide) detected at line 135
 []\TU/Arial(0)/m/n/10 140
 []


Overfull \hbox (0.98454pt too wide) detected at line 136
 []\TU/Arial(0)/m/n/10 142
 []


Overfull \hbox (0.98454pt too wide) detected at line 137
 []\TU/Arial(0)/m/n/10 143
 []


Overfull \hbox (0.98454pt too wide) detected at line 138
 []\TU/Arial(0)/m/n/10 144
 []


Overfull \hbox (0.98454pt too wide) detected at line 144
 []\TU/Arial(0)/m/n/10 152
 []

[4]
Overfull \hbox (0.98454pt too wide) detected at line 146
 []\TU/Arial(0)/m/n/10 153
 []


Overfull \hbox (0.98454pt too wide) detected at line 147
 []\TU/Arial(0)/m/n/10 153
 []


Overfull \hbox (0.98454pt too wide) detected at line 148
 []\TU/Arial(0)/m/n/10 154
 []


Overfull \hbox (0.98454pt too wide) detected at line 149
 []\TU/Arial(0)/m/n/10 156
 []


Overfull \hbox (0.98454pt too wide) detected at line 152
 []\TU/Arial(0)/m/n/10 159
 []


Overfull \hbox (0.98454pt too wide) detected at line 153
 []\TU/Arial(0)/m/n/10 170
 []


Overfull \hbox (0.98454pt too wide) detected at line 154
 []\TU/Arial(0)/m/n/10 171
 []


Overfull \hbox (0.98454pt too wide) detected at line 155
 []\TU/Arial(0)/m/n/10 178
 []


Overfull \hbox (0.98454pt too wide) detected at line 156
 []\TU/Arial(0)/m/n/10 182
 []


Overfull \hbox (0.98454pt too wide) detected at line 157
 []\TU/Arial(0)/m/n/10 182
 []


Overfull \hbox (0.98454pt too wide) detected at line 159
 []\TU/Arial(0)/m/n/10 184
 []


Overfull \hbox (0.98454pt too wide) detected at line 160
 []\TU/Arial(0)/m/n/10 185
 []


Overfull \hbox (0.98454pt too wide) detected at line 161
 []\TU/Arial(0)/m/n/10 187
 []


Overfull \hbox (0.98454pt too wide) detected at line 162
 []\TU/Arial(0)/m/n/10 194
 []


Overfull \hbox (0.98454pt too wide) detected at line 164
 []\TU/Arial(0)/m/n/10 195
 []


Overfull \hbox (0.98454pt too wide) detected at line 168
 []\TU/Arial(0)/m/n/10 200
 []


Overfull \hbox (0.98454pt too wide) detected at line 169
 []\TU/Arial(0)/m/n/10 206
 []


Overfull \hbox (0.98454pt too wide) detected at line 170
 []\TU/Arial(0)/m/n/10 207
 []

)
\tf@toc=\write6
\openout6 = `myRBook_SP.toc'.

[5] [6

]
Chapter 1.
LaTeX Font Info:    Font shape `TU/Arial(0)/bx/n' will be
(Font)              scaled to size 17.23828pt on input line 244.
LaTeX Font Info:    Font shape `TU/Arial(0)/m/n' will be
(Font)              scaled to size 5.81813pt on input line 253.
LaTeX Font Info:    Font shape `TU/Arial(0)/m/n' will be
(Font)              scaled to size 6.64929pt on input line 253.
LaTeX Font Info:    External font `lmex10' loaded for size
(Font)              <8> on input line 253.
LaTeX Font Info:    External font `lmex10' loaded for size
(Font)              <6> on input line 253.
LaTeX Font Info:    Font shape `TU/Arial(0)/m/n' will be
(Font)              scaled to size 4.98697pt on input line 253.
LaTeX Font Info:    Font shape `TU/Arial(0)/m/n' will be
(Font)              scaled to size 11.96872pt on input line 264.
LaTeX Font Info:    Font shape `TU/Arial(0)/bx/n' will be
(Font)              scaled to size 11.96872pt on input line 264.
[7] [8]
Underfull \hbox (badness 1325) in paragraph at lines 503--511
[]\TU/Arial(0)/m/n/10 Las versiones de gitbook, html y epub de este libro usan 
los iconos de fuente abierta de Font Awesome ([]$[][][][][] []
 []

[9] [10]
Chapter 2.
[11

] [12

] [13] [14]
Chapter 3.
File: myFigures/screencap_rConsoleFR.png Graphic file (type bmp)
<myFigures/screencap_rConsoleFR.png>
File: myFigures/screencap_rConsoleCalculatrice.png Graphic file (type bmp)
<myFigures/screencap_rConsoleCalculatrice.png>
LaTeX Font Info:    Font shape `TU/lmtt/bx/n' in size <10> not available
(Font)              Font shape `TU/lmtt/b/n' tried instead on input line 665.
[15

] [16] [17] [18] [19] [20] [21] [22] [23] [24] [25] [26] [27] [28

]
Chapter 4.
File: myLogos/RStudio.png Graphic file (type bmp)
<myLogos/RStudio.png>
File: myFigures/screencap_RStudio_01.png Graphic file (type bmp)
<myFigures/screencap_RStudio_01.png>
[29]
File: myFigures/screencap_RStudio_02.png Graphic file (type bmp)
<myFigures/screencap_RStudio_02.png>
File: myFigures/screencap_RStudio_03.png Graphic file (type bmp)
<myFigures/screencap_RStudio_03.png>
[30] [31]
File: myLogos/Notepadpp.png Graphic file (type bmp)
<myLogos/Notepadpp.png>
File: myFigures/screencap_Npp_01.png Graphic file (type bmp)
<myFigures/screencap_Npp_01.png>
File: myFigures/screencap_Npp_02.png Graphic file (type bmp)
<myFigures/screencap_Npp_02.png>
File: myFigures/screencap_Npp_03.png Graphic file (type bmp)
<myFigures/screencap_Npp_03.png>
File: myFigures/screencap_Npp_04.png Graphic file (type bmp)
<myFigures/screencap_Npp_04.png>
File: myLogos/Geany.png Graphic file (type bmp)
<myLogos/Geany.png>
[32] [33] [34]
File: myFigures/screencap_Geany_01.png Graphic file (type bmp)
<myFigures/screencap_Geany_01.png>
File: myFigures/screencap_Geany_02.png Graphic file (type bmp)
<myFigures/screencap_Geany_02.png>
File: myFigures/screencap_Geany_03.png Graphic file (type bmp)
<myFigures/screencap_Geany_03.png>

Underfull \hbox (badness 2277) in paragraph at lines 1881--1892
[][][][][][][][]$[]\TU/Arial(0)/m/n/10 ), y otras ms generales para programaci
n como \TU/Arial(0)/bx/n/10 Atom \TU/Arial(0)/m/n/10 ([]$[][][][][] [] [] [] [
][][][] [] [][][]$[]), \TU/Arial(0)/bx/n/10 Sublime Text \TU/Arial(0)/m/n/10 ([
]$[][][][][] []
 []


Underfull \hbox (badness 10000) in paragraph at lines 1881--1892
\TU/Arial(0)/bx/n/10 GNU Emacs \TU/Arial(0)/m/n/10 ([]$[][][][][] [] [] [] [][]
[] [] [][][] [] [][][] [] [][][][][][][][] [] [][][][][][]$[]), \TU/Arial(0)/bx
/n/10 Jupyter \TU/Arial(0)/m/n/10 ([]$[][][][] [] [] [] [][][][][][][] [] [][][
]$[]), o \TU/Arial(0)/bx/n/10 Brackets
 []

[35] [36] [37] [38

]
Chapter 5.
LaTeX Font Info:    Font shape `TU/lmtt/bx/n' in size <14.4> not available
(Font)              Font shape `TU/lmtt/b/n' tried instead on input line 1920.
[39] [40] [41] [42] [43] [44] [45] [46] [47] [48

]
Chapter 6.
LaTeX Font Info:    Font shape `TU/lmtt/bx/n' in size <12> not available
(Font)              Font shape `TU/lmtt/b/n' tried instead on input line 2620.
[49] [50] [51] [52] [53] [54] [55] [56] [57] [58] [59] [60] [61] [62] [63]
Overfull \hbox (12.09799pt too wide) in paragraph at lines 3826--3833
[]\TU/Arial(0)/m/n/10 Podemos seleccionar los datos de abundancia del segundo s
itio de la primera especie como previamente \TU/lmtt/m/n/10 bddInsect[[1]][[2]]
\TU/Arial(0)/m/n/10 ,
 []


Overfull \hbox (55.35248pt too wide) in paragraph at lines 3826--3833
\TU/Arial(0)/m/n/10 signo \TU/lmtt/m/n/10 $\TU/Arial(0)/m/n/10 , o como alterna
tiva el nombre de los elementos con comillas simples o dobles \TU/lmtt/m/n/10 b
ddInsect[[[]Snonagrioides[]]][[[]sitio02[]]]\TU/Arial(0)/m/n/10 . 
 []

[64] [65] [66] [67] [68] [69] [70] [71] [72] [73] [74] [75] [76] [77] [78] [79]
[80] [81] [82] [83] [84] [85] [86] [87] [88

]
Chapter 7.
[89] [90] [91] [92] [93] [94] [95] [96] [97] [98] [99] [100] [101] [102] [103] 
[104] [105] [106] [107] [108] [109] [110] [111] [112] [113] [114] [115] [116] [
117] [118] [119] [120] [121]
LaTeX Font Info:    Font shape `TU/Arial(0)/bx/it' will be
(Font)              scaled to size 11.96872pt on input line 8134.
[122] [123] [124]
Chapter 8.

Underfull \hbox (badness 1484) in paragraph at lines 8280--8289
[]\TU/Arial(0)/m/n/10 CSV viene del Ingls \TU/Arial(0)/m/it/10 Comma-separated
 values \TU/Arial(0)/m/n/10 ([]$[][][][][] [] [] [] [][] [] [][][][][][][][][] 
[] [][][] [] [][][][] [] [][][][][][][] [] [][][][][][][][][] [] [][][] []
 []

[125

] [126] [127]
Overfull \hbox (55.24498pt too wide) in paragraph at lines 8548--8548
[]\TU/lmtt/m/n/10 ##  $ date: chr  "11/12/15 23:00:00" "11/12/15 23:30:00" "11/
13/15 00:00:00" "11/13/15 00:30:00" ...[] 
 []

[128]
Overfull \hbox (196.99498pt too wide) in paragraph at lines 8566--8566
[]\TU/lmtt/m/n/10 ## [2] "Aqui se encuentra el cdigo fuente del libro  *Apren
der R: iniciacin y perfeccionamiento*, construido con bookdown."[] 
 []

[129] [130] [131] [132

]
Chapter 9.
[133] [134] [135] [136] [137] [138] [139] [140] [141] [142] [143] [144] [145] [
146] [147] [148] [149] [150] [151] [152] [153] [154]
Chapter 10.
[155

] [156] [157] [158] [159

] [160]
Chapter 11.
File: myRBook_SP_files/figure-latex/unnamed-chunk-220-1.pdf Graphic file (type 
pdf)
<use myRBook_SP_files/figure-latex/unnamed-chunk-220-1.pdf>
[161

]
File: myRBook_SP_files/figure-latex/unnamed-chunk-221-1.pdf Graphic file (type 
pdf)
<use myRBook_SP_files/figure-latex/unnamed-chunk-221-1.pdf>
File: myRBook_SP_files/figure-latex/unnamed-chunk-222-1.pdf Graphic file (type 
pdf)
<use myRBook_SP_files/figure-latex/unnamed-chunk-222-1.pdf>

Underfull \vbox (badness 10000) has occurred while \output is active []

[162]
File: myRBook_SP_files/figure-latex/unnamed-chunk-223-1.pdf Graphic file (type 
pdf)
<use myRBook_SP_files/figure-latex/unnamed-chunk-223-1.pdf>

Underfull \vbox (badness 10000) has occurred while \output is active []

[163]
File: myRBook_SP_files/figure-latex/unnamed-chunk-223-2.pdf Graphic file (type 
pdf)
<use myRBook_SP_files/figure-latex/unnamed-chunk-223-2.pdf>

Underfull \vbox (badness 10000) has occurred while \output is active []

[164]
File: myRBook_SP_files/figure-latex/unnamed-chunk-224-1.pdf Graphic file (type 
pdf)
<use myRBook_SP_files/figure-latex/unnamed-chunk-224-1.pdf>

Underfull \vbox (badness 10000) has occurred while \output is active []

[165]
File: myRBook_SP_files/figure-latex/unnamed-chunk-225-1.pdf Graphic file (type 
pdf)
<use myRBook_SP_files/figure-latex/unnamed-chunk-225-1.pdf>

Underfull \vbox (badness 10000) has occurred while \output is active []

[166]
File: myRBook_SP_files/figure-latex/unnamed-chunk-226-1.pdf Graphic file (type 
pdf)
<use myRBook_SP_files/figure-latex/unnamed-chunk-226-1.pdf>

Underfull \vbox (badness 10000) has occurred while \output is active []

[167]
File: myRBook_SP_files/figure-latex/unnamed-chunk-227-1.pdf Graphic file (type 
pdf)
<use myRBook_SP_files/figure-latex/unnamed-chunk-227-1.pdf>

Underfull \vbox (badness 10000) has occurred while \output is active []

[168]
File: myRBook_SP_files/figure-latex/unnamed-chunk-228-1.pdf Graphic file (type 
pdf)
<use myRBook_SP_files/figure-latex/unnamed-chunk-228-1.pdf>

Underfull \vbox (badness 10000) has occurred while \output is active []

[169]
File: myRBook_SP_files/figure-latex/unnamed-chunk-229-1.pdf Graphic file (type 
pdf)
<use myRBook_SP_files/figure-latex/unnamed-chunk-229-1.pdf>

Underfull \vbox (badness 6284) has occurred while \output is active []

[170]
File: myRBook_SP_files/figure-latex/unnamed-chunk-230-1.pdf Graphic file (type 
pdf)
<use myRBook_SP_files/figure-latex/unnamed-chunk-230-1.pdf>

Underfull \vbox (badness 10000) has occurred while \output is active []

[171]
File: myRBook_SP_files/figure-latex/unnamed-chunk-231-1.pdf Graphic file (type 
pdf)
<use myRBook_SP_files/figure-latex/unnamed-chunk-231-1.pdf>

Underfull \vbox (badness 2237) has occurred while \output is active []

[172]
File: myRBook_SP_files/figure-latex/unnamed-chunk-232-1.pdf Graphic file (type 
pdf)
<use myRBook_SP_files/figure-latex/unnamed-chunk-232-1.pdf>

Underfull \vbox (badness 10000) has occurred while \output is active []

[173]
File: myRBook_SP_files/figure-latex/unnamed-chunk-233-1.pdf Graphic file (type 
pdf)
<use myRBook_SP_files/figure-latex/unnamed-chunk-233-1.pdf>

Underfull \vbox (badness 10000) has occurred while \output is active []

[174] [175]
File: myRBook_SP_files/figure-latex/unnamed-chunk-234-1.pdf Graphic file (type 
pdf)
<use myRBook_SP_files/figure-latex/unnamed-chunk-234-1.pdf>

Underfull \vbox (badness 10000) has occurred while \output is active []

[176] [177]
File: myRBook_SP_files/figure-latex/unnamed-chunk-235-1.pdf Graphic file (type 
pdf)
<use myRBook_SP_files/figure-latex/unnamed-chunk-235-1.pdf>
File: myRBook_SP_files/figure-latex/unnamed-chunk-236-1.pdf Graphic file (type 
pdf)
<use myRBook_SP_files/figure-latex/unnamed-chunk-236-1.pdf>

Underfull \vbox (badness 10000) has occurred while \output is active []

[178]
File: myRBook_SP_files/figure-latex/unnamed-chunk-237-1.pdf Graphic file (type 
pdf)
<use myRBook_SP_files/figure-latex/unnamed-chunk-237-1.pdf>

Underfull \vbox (badness 10000) has occurred while \output is active []

[179]
File: myRBook_SP_files/figure-latex/unnamed-chunk-238-1.pdf Graphic file (type 
pdf)
<use myRBook_SP_files/figure-latex/unnamed-chunk-238-1.pdf>
[180]
File: myRBook_SP_files/figure-latex/unnamed-chunk-239-1.pdf Graphic file (type 
pdf)
<use myRBook_SP_files/figure-latex/unnamed-chunk-239-1.pdf>

Underfull \vbox (badness 10000) has occurred while \output is active []

[181]
File: myRBook_SP_files/figure-latex/unnamed-chunk-239-2.pdf Graphic file (type 
pdf)
<use myRBook_SP_files/figure-latex/unnamed-chunk-239-2.pdf>

Underfull \vbox (badness 10000) has occurred while \output is active []

[182]
File: myRBook_SP_files/figure-latex/unnamed-chunk-240-1.pdf Graphic file (type 
pdf)
<use myRBook_SP_files/figure-latex/unnamed-chunk-240-1.pdf>

Underfull \vbox (badness 10000) has occurred while \output is active []

[183] [184]
Chapter 12.
File: myRBook_SP_files/figure-latex/unnamed-chunk-241-1.pdf Graphic file (type 
pdf)
<use myRBook_SP_files/figure-latex/unnamed-chunk-241-1.pdf>
[185

]
File: myRBook_SP_files/figure-latex/unnamed-chunk-243-1.pdf Graphic file (type 
pdf)
<use myRBook_SP_files/figure-latex/unnamed-chunk-243-1.pdf>

Underfull \vbox (badness 10000) has occurred while \output is active []

[186] [187]
File: myRBook_SP_files/figure-latex/unnamed-chunk-244-1.pdf Graphic file (type 
pdf)
<use myRBook_SP_files/figure-latex/unnamed-chunk-244-1.pdf>

Underfull \vbox (badness 10000) has occurred while \output is active []

[188]
File: myRBook_SP_files/figure-latex/unnamed-chunk-245-1.pdf Graphic file (type 
pdf)
<use myRBook_SP_files/figure-latex/unnamed-chunk-245-1.pdf>
[189]
Underfull \hbox (badness 1655) in paragraph at lines 11154--11157
[]\TU/Arial(0)/m/n/10 Hay paletas de colores incluidos en R: \TU/lmtt/m/n/10 te
rrain.colors()\TU/Arial(0)/m/n/10 , \TU/lmtt/m/n/10 heat.colors()\TU/Arial(0)/m
/n/10 , \TU/lmtt/m/n/10 topo.colors()\TU/Arial(0)/m/n/10 , \TU/lmtt/m/n/10 cm.c
olors()\TU/Arial(0)/m/n/10 ,
 []

File: myRBook_SP_files/figure-latex/unnamed-chunk-246-1.pdf Graphic file (type 
pdf)
<use myRBook_SP_files/figure-latex/unnamed-chunk-246-1.pdf>

Underfull \vbox (badness 10000) has occurred while \output is active []

[190]
File: myRBook_SP_files/figure-latex/unnamed-chunk-247-1.pdf Graphic file (type 
pdf)
<use myRBook_SP_files/figure-latex/unnamed-chunk-247-1.pdf>

Underfull \vbox (badness 10000) has occurred while \output is active []

[191] [192] [193]
File: myRBook_SP_files/figure-latex/unnamed-chunk-249-1.pdf Graphic file (type 
pdf)
<use myRBook_SP_files/figure-latex/unnamed-chunk-249-1.pdf>
File: myRBook_SP_files/figure-latex/unnamed-chunk-249-2.pdf Graphic file (type 
pdf)
<use myRBook_SP_files/figure-latex/unnamed-chunk-249-2.pdf>

Underfull \vbox (badness 10000) has occurred while \output is active []

[194]
File: myRBook_SP_files/figure-latex/unnamed-chunk-250-1.pdf Graphic file (type 
pdf)
<use myRBook_SP_files/figure-latex/unnamed-chunk-250-1.pdf>

Underfull \vbox (badness 10000) has occurred while \output is active []

[195] [196]
Chapter 13.
File: myRBook_SP_files/figure-latex/unnamed-chunk-251-1.pdf Graphic file (type 
pdf)
<use myRBook_SP_files/figure-latex/unnamed-chunk-251-1.pdf>

Underfull \vbox (badness 10000) has occurred while \output is active []

[197

]
File: myRBook_SP_files/figure-latex/unnamed-chunk-251-2.pdf Graphic file (type 
pdf)
<use myRBook_SP_files/figure-latex/unnamed-chunk-251-2.pdf>

Underfull \vbox (badness 10000) has occurred while \output is active []

[198]
File: myRBook_SP_files/figure-latex/unnamed-chunk-252-1.pdf Graphic file (type 
pdf)
<use myRBook_SP_files/figure-latex/unnamed-chunk-252-1.pdf>

Underfull \vbox (badness 10000) has occurred while \output is active []

[199]
File: myRBook_SP_files/figure-latex/unnamed-chunk-252-2.pdf Graphic file (type 
pdf)
<use myRBook_SP_files/figure-latex/unnamed-chunk-252-2.pdf>

Underfull \vbox (badness 10000) has occurred while \output is active []

[200]
File: myRBook_SP_files/figure-latex/unnamed-chunk-252-3.pdf Graphic file (type 
pdf)
<use myRBook_SP_files/figure-latex/unnamed-chunk-252-3.pdf>

Underfull \vbox (badness 10000) has occurred while \output is active []

[201] [202]
File: myRBook_SP_files/figure-latex/unnamed-chunk-253-1.pdf Graphic file (type 
pdf)
<use myRBook_SP_files/figure-latex/unnamed-chunk-253-1.pdf>
File: myRBook_SP_files/figure-latex/unnamed-chunk-253-2.pdf Graphic file (type 
pdf)
<use myRBook_SP_files/figure-latex/unnamed-chunk-253-2.pdf>

Underfull \vbox (badness 10000) has occurred while \output is active []

[203]
File: myRBook_SP_files/figure-latex/unnamed-chunk-254-1.pdf Graphic file (type 
pdf)
<use myRBook_SP_files/figure-latex/unnamed-chunk-254-1.pdf>

Underfull \vbox (badness 10000) has occurred while \output is active []

[204]
File: myRBook_SP_files/figure-latex/unnamed-chunk-254-2.pdf Graphic file (type 
pdf)
<use myRBook_SP_files/figure-latex/unnamed-chunk-254-2.pdf>

Underfull \vbox (badness 10000) has occurred while \output is active []

[205]
File: myRBook_SP_files/figure-latex/unnamed-chunk-255-1.pdf Graphic file (type 
pdf)
<use myRBook_SP_files/figure-latex/unnamed-chunk-255-1.pdf>

Underfull \vbox (badness 10000) has occurred while \output is active []

[206]
File: myRBook_SP_files/figure-latex/unnamed-chunk-255-2.pdf Graphic file (type 
pdf)
<use myRBook_SP_files/figure-latex/unnamed-chunk-255-2.pdf>

Underfull \vbox (badness 10000) has occurred while \output is active []

[207]
File: myRBook_SP_files/figure-latex/unnamed-chunk-256-1.pdf Graphic file (type 
pdf)
<use myRBook_SP_files/figure-latex/unnamed-chunk-256-1.pdf>

Underfull \vbox (badness 10000) has occurred while \output is active []

[208] [209] [210

] [211] [212]
Chapter 14.
[213

]
Overfull \hbox (55.24498pt too wide) in paragraph at lines 11695--11695
[]\TU/lmtt/m/n/10 ##  $ date: chr  "11/12/15 23:00:00" "11/12/15 23:30:00" "11/
13/15 00:00:00" "11/13/15 00:30:00" ...[] 
 []

[214]
Overfull \hbox (55.24498pt too wide) in paragraph at lines 11782--11782
[]\TU/lmtt/m/n/10 ##  $ date: chr  "11/12/15 23:00:00" "11/12/15 23:30:00" "11/
13/15 00:00:00" "11/13/15 00:30:00" ...[] 
 []


Overfull \hbox (60.49498pt too wide) in paragraph at lines 11817--11817
[]\TU/lmtt/m/n/10 ##  $ date : chr  "11/12/15 23:00:00" "11/12/15 23:30:00" "11
/13/15 00:00:00" "11/13/15 00:30:00" ...[] 
 []


Overfull \vbox (28.13673pt too high) has occurred while \output is active []

[215]
File: myRBook_SP_files/figure-latex/unnamed-chunk-264-1.pdf Graphic file (type 
pdf)
<use myRBook_SP_files/figure-latex/unnamed-chunk-264-1.pdf>
File: myRBook_SP_files/figure-latex/unnamed-chunk-265-1.pdf Graphic file (type 
pdf)
<use myRBook_SP_files/figure-latex/unnamed-chunk-265-1.pdf>
[216] [217]
File: myRBook_SP_files/figure-latex/unnamed-chunk-267-1.pdf Graphic file (type 
pdf)
<use myRBook_SP_files/figure-latex/unnamed-chunk-267-1.pdf>
File: myRBook_SP_files/figure-latex/unnamed-chunk-268-1.pdf Graphic file (type 
pdf)
<use myRBook_SP_files/figure-latex/unnamed-chunk-268-1.pdf>

Underfull \vbox (badness 10000) has occurred while \output is active []

[218]
File: myRBook_SP_files/figure-latex/unnamed-chunk-269-1.pdf Graphic file (type 
pdf)
<use myRBook_SP_files/figure-latex/unnamed-chunk-269-1.pdf>

Underfull \vbox (badness 10000) has occurred while \output is active []

[219] [220]
File: myRBook_SP_files/figure-latex/unnamed-chunk-270-1.pdf Graphic file (type 
pdf)
<use myRBook_SP_files/figure-latex/unnamed-chunk-270-1.pdf>
File: myRBook_SP_files/figure-latex/unnamed-chunk-271-1.pdf Graphic file (type 
pdf)
<use myRBook_SP_files/figure-latex/unnamed-chunk-271-1.pdf>

Underfull \vbox (badness 10000) has occurred while \output is active []

[221]
File: myRBook_SP_files/figure-latex/unnamed-chunk-272-1.pdf Graphic file (type 
pdf)
<use myRBook_SP_files/figure-latex/unnamed-chunk-272-1.pdf>

Underfull \vbox (badness 10000) has occurred while \output is active []

[222] [223]
File: myRBook_SP_files/figure-latex/unnamed-chunk-273-1.pdf Graphic file (type 
pdf)
<use myRBook_SP_files/figure-latex/unnamed-chunk-273-1.pdf>
File: myRBook_SP_files/figure-latex/unnamed-chunk-273-2.pdf Graphic file (type 
pdf)
<use myRBook_SP_files/figure-latex/unnamed-chunk-273-2.pdf>

Underfull \hbox (badness 10000) in paragraph at lines 12065--12067
[][][][]
 []


Underfull \vbox (badness 10000) has occurred while \output is active []

[224]
File: myRBook_SP_files/figure-latex/unnamed-chunk-274-1.pdf Graphic file (type 
pdf)
<use myRBook_SP_files/figure-latex/unnamed-chunk-274-1.pdf>

Underfull \vbox (badness 10000) has occurred while \output is active []

[225]
File: myRBook_SP_files/figure-latex/unnamed-chunk-274-2.pdf Graphic file (type 
pdf)
<use myRBook_SP_files/figure-latex/unnamed-chunk-274-2.pdf>

Underfull \vbox (badness 10000) has occurred while \output is active []

[226]
Underfull \hbox (badness 4913) in paragraph at lines 12121--12124
[]\TU/Arial(0)/m/n/10 Tambin podemos representar las temperaturas diarias con 
grficos ridgeline y el package \TU/lmtt/m/n/10 ggplot2 \TU/Arial(0)/m/n/10 (
[]$[][][][][] []
 []

[227]
File: myRBook_SP_files/figure-latex/unnamed-chunk-275-1.pdf Graphic file (type 
pdf)
<use myRBook_SP_files/figure-latex/unnamed-chunk-275-1.pdf>
Package atveryend Info: Empty hook `BeforeClearDocument' on input line 12163.
[228]
Package atveryend Info: Empty hook `AfterLastShipout' on input line 12163.
(./myRBook_SP.aux)
Package atveryend Info: Empty hook `AtVeryEndDocument' on input line 12163.
Package atveryend Info: Executing hook `AtEndAfterFileList' on input line 12163
.
Package rerunfilecheck Info: File `myRBook_SP.out' has not changed.
(rerunfilecheck)             Checksum: D7983F96E7D82C640B80C6F4EA3C0D14.

LaTeX Warning: There were multiply-defined labels.

 ) 
Here is how much of TeX's memory you used:
 24149 strings out of 494950
 450493 string characters out of 6176402
 553991 words of memory out of 5000000
 27712 multiletter control sequences out of 15000+600000
 553220 words of font info for 82 fonts, out of 8000000 for 9000
 14 hyphenation exceptions out of 8191
 53i,8n,115p,1178b,450s stack positions out of 5000i,500n,10000p,200000b,80000s

Output written on myRBook_SP.pdf (228 pages).
